eval: 40 dialogues, held-out templates; 20 with held-out values

=== BASE CONTROL (dpo.pt, greedy) ===
[base/greedy] parse 0/40=0%  recall 0/200=0%  halluc 0/200=0.0%  omission 0
          out: "I'm not able to help with."
          truth: {'cc': 'shortness of breath', 'dur': '6 weeks', 'sev': 'moderate', 'med': 'none', 'alg': 'penicillin'}
          out: "I'm not able to help with."
          truth: {'cc': 'neck pain', 'dur': '3 days', 'sev': 'mild', 'med': 'none', 'alg': 'sulfa drugs'}

=== SCRIBE (scribe.pt, greedy = primary) ===
[scribe/greedy] parse 38/40=95%  recall 155/200=78%  halluc 35/200=17.5%  omission 0
          held-out-value recall 67/95=71%  seen-value recall 88/95=93%
          out: 'CC: shortness of breath | DUR: 6 weeks | SEV: moderate | MED: none | ALG: penicillin'
          truth: {'cc': 'shortness of breath', 'dur': '6 weeks', 'sev': 'moderate', 'med': 'none', 'alg': 'penicillin'}
          out: 'CC: eye pain | DUR: 3 days | SEV: mild | MED: none | ALG: sir, sir'
          truth: {'cc': 'neck pain', 'dur': '3 days', 'sev': 'mild', 'med': 'none', 'alg': 'sulfa drugs'}

=== SCRIBE (sampled K=4 temp 0.7 = diagnostic) ===
[scribe/sampled] parse 154/160=96%  recall 636/800=80%  halluc 133/800=16.6%  omission 1
          held-out-value recall 270/380=71%  seen-value recall 366/390=94%
          out: 'CC: shortness of breath | DUR: 6 weeks | SEV: moderate | MED: none | ALG: penicillin'
          truth: {'cc': 'shortness of breath', 'dur': '6 weeks', 'sev': 'moderate', 'med': 'none', 'alg': 'penicillin'}
          out: 'CC: shortness of breath | DUR: 6 weeks | SEV: moderate | MED: none | ALG: penicillin'
          truth: {'cc': 'shortness of breath', 'dur': '6 weeks', 'sev': 'moderate', 'med': 'none', 'alg': 'penicillin'}

--- verdict on pre-registered bars ---
  scribe clears bars (parse>=90% recall>=80% halluc<=10%): False
  base control fails bars (discrimination): True
GATE FAIL
