eval: 40 dialogues, held-out templates; 20 with held-out values

=== BASE CONTROL (dpo.pt, greedy) ===
[base/greedy] parse 0/40=0%  recall 0/200=0%  halluc 0/200=0.0%  omission 0
          out: "I'm not able to help with."
          truth: {'cc': 'shortness of breath', 'dur': '6 weeks', 'sev': 'moderate', 'med': 'none', 'alg': 'penicillin'}
          out: "I'm not able to help with."
          truth: {'cc': 'neck pain', 'dur': '3 days', 'sev': 'mild', 'med': 'none', 'alg': 'sulfa drugs'}

=== SCRIBE (scribe.pt, greedy = primary) ===
[scribe/greedy] parse 40/40=100%  recall 147/200=74%  halluc 28/200=14.0%  omission 25
          held-out-value recall 65/100=65%  seen-value recall 82/100=82%
          out: 'CC: stopped | DUR: 6 weeks | SEV: moderate | MED: none | ALG: penicillin'
          truth: {'cc': 'shortness of breath', 'dur': '6 weeks', 'sev': 'moderate', 'med': 'none', 'alg': 'penicillin'}
          out: 'CC: seat | DUR: 3 days | SEV: mild | MED: none | ALG: none'
          truth: {'cc': 'neck pain', 'dur': '3 days', 'sev': 'mild', 'med': 'none', 'alg': 'sulfa drugs'}

=== SCRIBE (sampled K=4 temp 0.7 = diagnostic) ===
[scribe/sampled] parse 157/160=98%  recall 573/800=72%  halluc 114/800=14.2%  omission 98
          held-out-value recall 255/390=65%  seen-value recall 318/395=81%
          out: 'CC: stomachin | DUR: 6 weeks | SEV: moderate | MED: none | ALG: penicillin'
          truth: {'cc': 'shortness of breath', 'dur': '6 weeks', 'sev': 'moderate', 'med': 'none', 'alg': 'penicillin'}
          out: 'CC: stated penicillin'
          truth: {'cc': 'shortness of breath', 'dur': '6 weeks', 'sev': 'moderate', 'med': 'none', 'alg': 'penicillin'}

--- verdict on pre-registered bars ---
  scribe clears bars (parse>=90% recall>=80% halluc<=10%): False
  base control fails bars (discrimination): True
GATE FAIL
